<?xml version="1.0" encoding="UTF-8"?>
<testng-results ignored="0" total="1" passed="1" failed="0" skipped="0">
  <reporter-output>
  </reporter-output>
  <suite started-at="2026-08-23T14:36:06 IST" name="Default suite" finished-at="2026-08-23T14:36:08 IST" duration-ms="1317">
    <groups>
    </groups>
    <test started-at="2026-08-23T14:36:06 IST" name="Default test" finished-at="2026-08-23T14:36:08 IST" duration-ms="1317">
      <class name="com.POSTRestAssured.TraditionalRestAssuredPost3">
        <test-method is-config="true" signature="setUp()[pri:0, instance:com.POSTRestAssured.TraditionalRestAssuredPost3@1e6a3214]" started-at="2026-08-23T14:36:07 IST" name="setUp" finished-at="2026-08-23T14:36:07 IST" duration-ms="192" status="PASS">
          <reporter-output>
          </reporter-output>
        </test-method> <!-- setUp -->
        <test-method signature="testPostRequestTraditional()[pri:0, instance:com.POSTRestAssured.TraditionalRestAssuredPost3@1e6a3214]" started-at="2026-08-23T14:36:07 IST" name="testPostRequestTraditional" finished-at="2026-08-23T14:36:08 IST" duration-ms="1101" status="PASS">
          <reporter-output>
          </reporter-output>
        </test-method> <!-- testPostRequestTraditional -->
      </class> <!-- com.POSTRestAssured.TraditionalRestAssuredPost3 -->
    </test> <!-- Default test -->
  </suite> <!-- Default suite -->
</testng-results>
