<?xml version="1.0" encoding="UTF-8"?>
<!-- Generated by org.testng.reporters.JUnitReportReporter -->
<testsuite hostname="LAPTOP-EKP2DLKU" failures="0" tests="10" name="com.GETRestAssurred.DataDrivenGetTest" time="3.688" errors="0" timestamp="2026-08-23T14:35:42 IST" skipped="0">
  <testcase classname="com.GETRestAssurred.DataDrivenGetTest" name="testMultiplePostsBDD" time="0.729"/>
  <testcase classname="com.GETRestAssurred.DataDrivenGetTest" name="testMultiplePostsBDD" time="0.699"/>
  <testcase classname="com.GETRestAssurred.DataDrivenGetTest" name="testMultiplePostsBDD" time="0.274"/>
  <testcase classname="com.GETRestAssurred.DataDrivenGetTest" name="testMultiplePostsTraditional" time="0.049"/>
  <testcase classname="com.GETRestAssurred.DataDrivenGetTest" name="testMultiplePostsTraditional" time="0.033"/>
  <testcase classname="com.GETRestAssurred.DataDrivenGetTest" name="testMultiplePostsTraditional" time="0.033"/>
  <testcase classname="com.GETRestAssurred.DataDrivenGetTest" name="testMultiplePostsTraditional" time="0.031"/>
  <testcase classname="com.GETRestAssurred.DataDrivenGetTest" name="testMultiplePostsBDD" time="0.688"/>
  <testcase classname="com.GETRestAssurred.DataDrivenGetTest" name="testMultiplePostsBDD" time="1.116"/>
  <testcase classname="com.GETRestAssurred.DataDrivenGetTest" name="testMultiplePostsTraditional" time="0.036"/>
</testsuite> <!-- com.GETRestAssurred.DataDrivenGetTest -->
